\BOOKMARK [1][-]{section.1}{\376\377\000W\000y\000k\001\102\000a\000d\000\040\000\050\0000\0006\000.\0001\0000\000.\0002\0000\0002\0003\000\051}{}% 1
\BOOKMARK [2][-]{subsection.1.1}{\376\377\000W\000s\000t\001\031\000p}{section.1}% 2
\BOOKMARK [2][-]{subsection.1.2}{\376\377\000W\000y\000k\001\102\000a\000d\000\040\000w\000s\000t\001\031\000p\000n\000y\000:\000\040\000M\000e\000t\000o\000d\000y\000\040\000i\000\040\000t\000e\000c\000h\000n\000i\000k\000i\000\040\000j\001\005\000d\000r\000o\000w\000e\000\040\000w\000\040\001\133\000r\000o\000d\000o\000w\000i\000s\000k\000u\000,\000\040\000p\000r\000z\000e\000m\000y\001\133\000l\000e\000\040\000i\000\040\000m\000e\000d\000y\000c\000y\000n\000i\000e}{section.1}% 3
\BOOKMARK [1][-]{section.2}{\376\377\000W\000y\000k\001\102\000a\000d\000\040\000\050\0001\0003\000.\0001\0000\000.\0002\0000\0002\0003\000\051}{}% 4
\BOOKMARK [2][-]{subsection.2.1}{\376\377\000B\000u\000d\000o\000w\000a\000\040\000j\001\005\000d\000r\000a\000\040\000a\000t\000o\000m\000o\000w\000e\000g\000o}{section.2}% 5
\BOOKMARK [2][-]{subsection.2.2}{\376\377\000J\000a\000k\000\040\000w\000y\000z\000n\000a\000c\000z\000y\001\007\000\040\000r\000o\000z\000m\000i\000a\000r\000y\000\040\000j\001\005\000d\000r\000a\000\040\000a\000t\000o\000m\000o\000w\000e\000g\000o}{section.2}% 6
\BOOKMARK [2][-]{subsection.2.3}{\376\377\000J\000a\000k\000\040\000w\000y\000z\000n\000a\000c\000z\000y\001\007\000\040\000m\000a\000s\001\031\000\040\000j\001\005\000d\000r\000a\000\040\000a\000t\000o\000m\000o\000w\000e\000g\000o}{section.2}% 7
\BOOKMARK [2][-]{subsection.2.4}{\376\377\000R\000o\000z\000k\001\102\000a\000d\000\040\000g\001\031\000s\000t\000o\001\133\000c\000i\000\040\000m\000a\000t\000e\000r\000i\000i\000\040\000j\001\005\000d\000r\000o\000w\000e\000j}{section.2}% 8
\BOOKMARK [2][-]{subsection.2.5}{\376\377\000E\000n\000e\000r\000g\000i\000a\000\040\000w\000i\001\005\000z\000a\000n\000i\000a\000\040\000j\001\005\000d\000r\000a\000\040\000a\000t\000o\000m\000o\000w\000e\000g\000o}{section.2}% 9
\BOOKMARK [2][-]{subsection.2.6}{\376\377\000M\000o\000d\000e\000l\000\040\000k\000r\000o\000p\000l\000o\000w\000y}{section.2}% 10
\BOOKMARK [2][-]{subsection.2.7}{\376\377\000S\000i\001\102\000y\000\040\000j\001\005\000d\000r\000o\000w\000e}{section.2}% 11
\BOOKMARK [2][-]{subsection.2.8}{\376\377\000M\000o\000d\000e\000l\000\040\000g\000a\000z\000u\000\040\000F\000e\000r\000m\000i\000e\000g\000o}{section.2}% 12
\BOOKMARK [2][-]{subsection.2.9}{\376\377\000M\000o\000d\000e\000l\000\040\000p\000o\000w\001\102\000o\000k\000o\000w\000y}{section.2}% 13
\BOOKMARK [1][-]{section.3}{\376\377\000W\000y\000k\001\102\000a\000d\000\040\000\050\0002\0000\000.\0001\0000\000.\0002\0000\0002\0003\000\051\000\040\000-\000\040\001\172\000r\000\363\000d\001\102\000a\000\040\000p\000r\000o\000m\000i\000e\000n\000i\000o\000t\000w\000\363\000r\000c\000z\000e}{}% 14
\BOOKMARK [2][-]{subsection.3.1}{\376\377\000P\000r\000z\000e\000m\000i\000a\000n\000y\000\040\000p\000r\000o\000m\000i\000e\000n\000i\000o\000t\000w\000\363\000r\000c\000z\000e}{section.3}% 15
\BOOKMARK [2][-]{subsection.3.2}{\376\377\000S\000c\000h\000e\000m\000a\000t\000y\000\040\000p\000r\000o\000m\000i\000e\000n\000i\000o\000t\000w\000\363\000r\000c\000z\000e}{section.3}% 16
\BOOKMARK [2][-]{subsection.3.3}{\376\377\000P\000r\000a\000w\000o\000\040\000r\000o\000z\000a\000p\000d\000u\000\040\000p\000r\000o\000m\000i\000e\000n\000i\000o\000t\000w\000\363\000r\000c\000z\000e\000g\000o}{section.3}% 17
\BOOKMARK [2][-]{subsection.3.4}{\376\377\000S\000u\000k\000c\000e\000s\000y\000w\000n\000e\000\040\000r\000o\000z\000p\000a\000d\000y\000\040\000p\000r\000o\000m\000i\000e\000n\000i\000o\000t\000w\000\363\000r\000c\000z\000e}{section.3}% 18
\BOOKMARK [2][-]{subsection.3.5}{\376\377\000N\000a\000t\000u\000r\000a\000l\000n\000e\000\040\001\172\000r\000\363\000d\001\102\000a\000\040\000p\000r\000o\000m\000i\000e\000n\000i\000o\000t\000w\000\363\000r\000c\000z\000e}{section.3}% 19
\BOOKMARK [2][-]{subsection.3.6}{\376\377\000S\000z\000t\000u\000c\000z\000n\000a\000\040\000p\000r\000o\000m\000i\000e\000n\000i\000o\000t\000w\000\363\000r\000c\000z\000o\001\133\001\007}{section.3}% 20
\BOOKMARK [2][-]{subsection.3.7}{\376\377\000W\000i\001\005\000z\000k\000i\000\040\000p\000r\000o\000m\000i\000e\000n\000i\000o\000w\000a\000n\000i\000a\000\040\000j\000o\000n\000i\000z\000u\000j\001\005\000c\000e\000g\000o}{section.3}% 21
\BOOKMARK [2][-]{subsection.3.8}{\376\377\000S\000p\000e\000k\000t\000r\000o\000m\000e\000t\000r\000y\000\040\000m\000a\000g\000n\000e\000t\000y\000c\000z\000n\000e\000\040\000i\000\040\000a\000k\000c\000e\000l\000e\000r\000a\000t\000o\000r\000y}{section.3}% 22
\BOOKMARK [1][-]{section.4}{\376\377\000W\000y\000k\001\102\000a\000d\000\040\000\050\0002\0007\000.\0001\0000\000.\0002\0000\0002\0003\000\051}{}% 23
\BOOKMARK [2][-]{subsection.4.1}{\376\377\001\171\000r\000\363\000d\001\102\000a\000\040\000p\000r\000o\000m\000i\000e\000n\000i\000o\000t\000w\000\363\000r\000c\000z\000e\000\040\000d\000l\000a\000\040\000c\000e\000l\000\363\000w\000\040\000m\000e\000d\000y\000c\000z\000n\000y\000c\000h}{section.4}% 24
\BOOKMARK [2][-]{subsection.4.2}{\376\377\000G\000e\000n\000e\000r\000a\000t\000o\000r\000\040\000n\000e\000u\000t\000r\000o\000n\000\363\000w\000\040\000w\000\040\000p\000r\000z\000e\000m\000y\001\133\000l\000e}{section.4}% 25
\BOOKMARK [2][-]{subsection.4.3}{\376\377\000W\000i\001\005\000z\000k\000i\000\040\000p\000r\000o\000m\000i\000e\000n\000i\000o\000w\000a\000n\000i\000a\000\040\000j\000o\000n\000i\000z\000u\000j\001\005\000c\000e\000g\000o\000\040\000-\000\040\000k\000o\000n\000t\000y\000n\000u\000a\000c\000j\000a}{section.4}% 26
\BOOKMARK [2][-]{subsection.4.4}{\376\377\000P\000r\000o\000p\000a\000g\000a\000c\000j\000a\000\040\000p\000r\000o\000m\000i\000e\000n\000i\000o\000w\000a\000n\000i\000a\000\040\000j\000o\000n\000i\000z\000u\000j\001\005\000c\000e\000g\000o\000\040\000w\000\040\000o\001\133\000r\000o\000d\000k\000u\000\040\000m\000a\000t\000e\000r\000i\000a\000l\000n\000y\000m}{section.4}% 27
