\BOOKMARK [1][-]{section.1}{\376\377\000W\000y\000k\001\102\000a\000d\000\040\000\050\0000\0009\000.\0001\0000\000.\0002\0000\0002\0003\000\051}{}% 1
\BOOKMARK [2][-]{subsection.1.1}{\376\377\000W\000s\000t\001\031\000p}{section.1}% 2
\BOOKMARK [2][-]{subsection.1.2}{\376\377\000C\000z\000y\000m\000\040\000j\000e\000s\000t\000\040\000f\000i\000z\000y\000k\000a\000\040\000m\000e\000d\000y\000c\000z\000n\000a}{section.1}% 3
\BOOKMARK [2][-]{subsection.1.3}{\376\377\000R\000a\000d\000i\000o\000t\000e\000r\000a\000p\000i\000a}{section.1}% 4
\BOOKMARK [2][-]{subsection.1.4}{\376\377\000H\000i\000s\000t\000o\000r\000i\000a\000\040\000p\000r\000o\000m\000i\000e\000n\000i\000o\000t\000w\000\363\000r\000c\000z\000o\001\133\000c\000i}{section.1}% 5
\BOOKMARK [2][-]{subsection.1.5}{\376\377\000L\000a\000m\000p\000a\000\040\000r\000e\000n\000t\000g\000e\000n\000o\000w\000s\000k\000a}{section.1}% 6
\BOOKMARK [1][-]{section.2}{\376\377\000W\000y\000k\001\102\000a\000d\000\040\000\050\0001\0006\000.\0001\0000\000.\0002\0000\0002\0003\000\051}{}% 7
\BOOKMARK [2][-]{subsection.2.1}{\376\377\000M\000a\000m\000m\000o\000g\000r\000a\000f\000i\000a}{section.2}% 8
\BOOKMARK [2][-]{subsection.2.2}{\376\377\000P\000o\000d\000s\000t\000a\000w\000o\000w\000e\000\040\000c\000e\000c\000h\000y\000\040\000n\000o\000w\000o\000t\000w\000o\000r\000\363\000w}{section.2}% 9
\BOOKMARK [1][-]{section.3}{\376\377\000W\000y\000k\001\102\000a\000d\000\040\000\050\0002\0003\000.\0001\0000\000.\0002\0000\0002\0003\000\051}{}% 10
\BOOKMARK [1][-]{section.4}{\376\377\000W\000y\000k\001\102\000a\000d\000\040\000\050\0002\0006\000.\0001\0000\000.\0002\0000\0002\0003\000\051}{}% 11
\BOOKMARK [2][-]{subsection.4.1}{\376\377\000T\000o\000r\000\040\000p\000r\000z\000e\000k\000a\000z\000y\000w\000a\000n\000i\000a\000\040\000e\000n\000e\000r\000g\000i\000i}{section.4}% 12
\BOOKMARK [2][-]{subsection.4.2}{\376\377\000W\000i\000e\000l\000k\000o\001\133\000c\000i\000\040\000d\000o\000z\000y\000m\000e\000t\000r\000y\000c\000z\000n\000e}{section.4}% 13
\BOOKMARK [2][-]{subsection.4.3}{\376\377\000T\000e\000r\000a\000p\000e\000u\000t\000y\000c\000z\000n\000e\000\040\000l\000a\000m\000p\000y\000\040\000R\000T\000G}{section.4}% 14
\BOOKMARK [2][-]{subsection.4.4}{\376\377\000O\000s\001\102\000a\000b\000i\000e\000n\000i\000e\000\040\000p\000r\000o\000m\000i\000e\000n\000i\000o\000w\000a\000n\000i\000a\000\040\000X\000,\000\040\000i\000z\000o\000d\000o\000z\000y}{section.4}% 15
\BOOKMARK [1][-]{section.5}{\376\377\000W\000y\000k\001\102\000a\000d\000\040\000\050\0003\0000\000.\0001\0000\000.\0002\0000\0002\0003\000\051}{}% 16
\BOOKMARK [2][-]{subsection.5.1}{\376\377\000U\000r\000z\001\005\000d\000z\000e\000n\000i\000a\000\040\000d\000o\000\040\000r\000a\000d\000i\000o\000t\000e\000r\000a\000p\000i\000i\000\040\000-\000\040\000P\000r\000z\000y\000s\000p\000i\000e\000s\000z\000a\000c\000z\000e\000\040\000\050\000a\000k\000c\000e\000l\000e\000r\000a\000t\000o\000r\000y\000\051}{section.5}% 17
\BOOKMARK [2][-]{subsection.5.2}{\376\377\000F\000o\000r\000m\000o\000w\000a\000n\000i\000e\000\040\000w\000i\001\005\000z\000e\000k\000\040\000p\000r\000o\000m\000i\000e\000n\000i\000o\000w\000a\000n\000i\000a\000\040\000X}{section.5}% 18
\BOOKMARK [1][-]{section.6}{\376\377\000W\000y\000k\001\102\000a\000d\000\040\000\050\0000\0006\000.\0001\0001\000.\0002\0000\0002\0003\000\051}{}% 19
\BOOKMARK [2][-]{subsection.6.1}{\376\377\000F\000i\000z\000y\000c\000z\000n\000e\000\040\000p\000a\000r\000a\000m\000e\000t\000r\000y\000\040\000w\000i\001\005\000z\000k\000i\000\040\000f\000o\000t\000o\000n\000o\000w\000e\000j}{section.6}% 20
\BOOKMARK [2][-]{subsection.6.2}{\376\377\000O\000d\000d\000z\000i\000a\001\102\000y\000w\000a\000n\000i\000e\000\040\000n\000e\000u\000t\000r\000o\000n\000\363\000w\000\040\000z\000\040\000m\000a\000t\000e\000r\000i\001\005}{section.6}% 21
\BOOKMARK [2][-]{subsection.6.3}{\376\377\000O\000b\000r\000a\000z\000o\000w\000a\000n\000i\000e\000\040\000w\000\040\000r\000a\000d\000i\000o\000t\000e\000r\000a\000p\000i\000i}{section.6}% 22
\BOOKMARK [1][-]{section.7}{\376\377\000W\000y\000k\001\102\000a\000d\000\040\000\050\0001\0003\000.\0001\0001\000.\0002\0000\0002\0003\000\051}{}% 23
\BOOKMARK [2][-]{subsection.7.1}{\376\377\000M\000e\000d\000y\000c\000y\000n\000a\000\040\000n\000u\000k\000l\000e\000a\000r\000n\000a}{section.7}% 24
\BOOKMARK [1][-]{section.8}{\376\377\000W\000y\000k\001\102\000a\000d\000\040\0002\0000\000.\0001\0001\000.\0002\0000\0002\0003}{}% 25
\BOOKMARK [2][-]{subsection.8.1}{\376\377\000B\000r\000a\000c\000h\000y\000t\000e\000r\000a\000p\000i\000a}{section.8}% 26
\BOOKMARK [1][-]{section.9}{\376\377\000W\000y\000k\001\102\000a\000d\000\040\000\050\0002\0007\000.\0001\0001\000.\0002\0000\0002\0003\000\051}{}% 27
\BOOKMARK [2][-]{subsection.9.1}{\376\377\000P\000l\000a\000n\000o\000w\000a\000n\000i\000e\000\040\000l\000e\000c\000z\000e\000n\000i\000a}{section.9}% 28
\BOOKMARK [2][-]{subsection.9.2}{\376\377\000P\000l\000a\000n\000o\000w\000a\000n\000i\000e\000\040\000r\000a\000d\000i\000o\000t\000e\000r\000a\000p\000i\000i}{section.9}% 29
